<?xml version="1.0" encoding="UTF-8"?>
<!-- Generated by org.testng.reporters.JUnitReportReporter -->
<testsuite skipped="1" hostname="DESKTOP-4KUGDJA" name="com.qa.hubspot.tests.HomePageTest" tests="3" failures="0" timestamp="11 Feb 2020 21:42:05 GMT" time="0.137" errors="0">
  <testcase name="verifyHomePageTitleTest" time="0.038" classname="com.qa.hubspot.tests.HomePageTest"/>
  <testcase name="verifyHomePageHeaderTest" time="0.099" classname="com.qa.hubspot.tests.HomePageTest"/>
  <testcase name="verifyLoggedInUserAccountName" classname="com.qa.hubspot.tests.HomePageTest">
    <skipped/>
  </testcase> <!-- verifyLoggedInUserAccountName -->
</testsuite> <!-- com.qa.hubspot.tests.HomePageTest -->
