<?xml version="1.0" encoding="UTF-8"?>
<!-- Generated by org.testng.reporters.JUnitReportReporter -->
<testsuite skipped="1" hostname="DESKTOP-4KUGDJA" name="com.qa.hubspot.tests.HomePageTest" tests="3" failures="0" timestamp="08 Feb 2020 01:24:29 GMT" time="0.150" errors="0">
  <testcase name="verifyHomePageTitleTest" time="0.019" classname="com.qa.hubspot.tests.HomePageTest"/>
  <testcase name="verifyHomePageHeaderTest" time="0.131" classname="com.qa.hubspot.tests.HomePageTest"/>
  <testcase name="verifyLoggedInUserAccountName" classname="com.qa.hubspot.tests.HomePageTest">
    <skipped/>
  </testcase> <!-- verifyLoggedInUserAccountName -->
</testsuite> <!-- com.qa.hubspot.tests.HomePageTest -->
