<?xml version="1.0" encoding="UTF-8"?>
<!-- Generated by org.testng.reporters.JUnitReportReporter -->
<testsuite skipped="1" hostname="DESKTOP-4KUGDJA" name="com.qa.hubspot.tests.LoginPageTest" tests="4" failures="0" timestamp="08 Feb 2020 01:24:29 GMT" time="8.255" errors="0">
  <testcase name="verifyLoginPageTitleTest" time="4.221" classname="com.qa.hubspot.tests.LoginPageTest"/>
  <testcase name="verifySignUpLinkTest" time="0.831" classname="com.qa.hubspot.tests.LoginPageTest"/>
  <testcase name="loginTest" time="3.203" classname="com.qa.hubspot.tests.LoginPageTest"/>
  <testcase name="login_InvalidTestCases" classname="com.qa.hubspot.tests.LoginPageTest">
    <skipped/>
  </testcase> <!-- login_InvalidTestCases -->
</testsuite> <!-- com.qa.hubspot.tests.LoginPageTest -->
